Using pre-set license
Built from '2022.3/staging' branch; Version is '2022.3.29f1 (8d510ca76d2b) revision 9261324'; Using compiler version '192829333'; Build Type 'Release'
OS: 'Windows 10  (10.0.19045) 64bit ProfessionalN' Language: 'en' Physical Memory: 16334 MB
BatchMode: 1, IsHumanControllingUs: 0, StartBugReporterOnCrash: 0, Is64bit: 1, IsPro: 1

COMMAND LINE ARGUMENTS:
D:\Unity games\2022.3.29f1\Editor\Unity.exe
-adb2
-batchMode
-noUpm
-name
AssetImportWorker2
-projectPath
E:/Unity/RTS Conquerors Realm/RTS Conquerors Realm
-logFile
Logs/AssetImportWorker2.log
-srvPort
54807
Successfully changed project path to: E:/Unity/RTS Conquerors Realm/RTS Conquerors Realm
E:/Unity/RTS Conquerors Realm/RTS Conquerors Realm
[UnityMemory] Configuration Parameters - Can be set up in boot.config
    "memorysetup-bucket-allocator-granularity=16"
    "memorysetup-bucket-allocator-bucket-count=8"
    "memorysetup-bucket-allocator-block-size=33554432"
    "memorysetup-bucket-allocator-block-count=8"
    "memorysetup-main-allocator-block-size=16777216"
    "memorysetup-thread-allocator-block-size=16777216"
    "memorysetup-gfx-main-allocator-block-size=16777216"
    "memorysetup-gfx-thread-allocator-block-size=16777216"
    "memorysetup-cache-allocator-block-size=4194304"
    "memorysetup-typetree-allocator-block-size=2097152"
    "memorysetup-profiler-bucket-allocator-granularity=16"
    "memorysetup-profiler-bucket-allocator-bucket-count=8"
    "memorysetup-profiler-bucket-allocator-block-size=33554432"
    "memorysetup-profiler-bucket-allocator-block-count=8"
    "memorysetup-profiler-allocator-block-size=16777216"
    "memorysetup-profiler-editor-allocator-block-size=1048576"
    "memorysetup-temp-allocator-size-main=16777216"
    "memorysetup-job-temp-allocator-block-size=2097152"
    "memorysetup-job-temp-allocator-block-size-background=1048576"
    "memorysetup-job-temp-allocator-reduction-small-platforms=262144"
    "memorysetup-allocator-temp-initial-block-size-main=262144"
    "memorysetup-allocator-temp-initial-block-size-worker=262144"
    "memorysetup-temp-allocator-size-background-worker=32768"
    "memorysetup-temp-allocator-size-job-worker=262144"
    "memorysetup-temp-allocator-size-preload-manager=33554432"
    "memorysetup-temp-allocator-size-nav-mesh-worker=65536"
    "memorysetup-temp-allocator-size-audio-worker=65536"
    "memorysetup-temp-allocator-size-cloud-worker=32768"
    "memorysetup-temp-allocator-size-gi-baking-worker=262144"
    "memorysetup-temp-allocator-size-gfx=262144"
Player connection [3604] Host "[IP] 192.168.1.3 [Port] 0 [Flags] 2 [Guid] 1290154913 [EditorId] 1290154913 [Version] 1048832 [Id] WindowsEditor(7,Arthur-DESKTOP) [Debug] 1 [PackageName] WindowsEditor [ProjectName] Editor" joined multi-casting on [225.0.0.222:54997]...

Player connection [3604] Host "[IP] 192.168.1.3 [Port] 0 [Flags] 2 [Guid] 1290154913 [EditorId] 1290154913 [Version] 1048832 [Id] WindowsEditor(7,Arthur-DESKTOP) [Debug] 1 [PackageName] WindowsEditor [ProjectName] Editor" joined alternative multi-casting on [225.0.0.222:34997]...

[Physics::Module] Initialized MultithreadedJobDispatcher with 11 workers.
Refreshing native plugins compatible for Editor in 10.99 ms, found 3 plugins.
Preloading 0 native plugins for Editor in 0.00 ms.
Initialize engine version: 2022.3.29f1 (8d510ca76d2b)
[Subsystems] Discovering subsystems at path D:/Unity games/2022.3.29f1/Editor/Data/Resources/UnitySubsystems
[Subsystems] Discovering subsystems at path E:/Unity/RTS Conquerors Realm/RTS Conquerors Realm/Assets
GfxDevice: creating device client; threaded=0; jobified=0
Direct3D:
    Version:  Direct3D 11.0 [level 11.1]
    Renderer: AMD Radeon RX 6700 XT (ID=0x73df)
    Vendor:   ATI
    VRAM:     12243 MB
    Driver:   31.0.24002.92
Initialize mono
Mono path[0] = 'D:/Unity games/2022.3.29f1/Editor/Data/Managed'
Mono path[1] = 'D:/Unity games/2022.3.29f1/Editor/Data/MonoBleedingEdge/lib/mono/unityjit-win32'
Mono config path = 'D:/Unity games/2022.3.29f1/Editor/Data/MonoBleedingEdge/etc'
Using monoOptions --debugger-agent=transport=dt_socket,embedding=1,server=y,suspend=n,address=127.0.0.1:56496
Begin MonoManager ReloadAssembly
Registering precompiled unity dll's ...
Register platform support module: D:/Unity games/2022.3.29f1/Editor/Data/PlaybackEngines/WebGLSupport/UnityEditor.WebGL.Extensions.dll
Register platform support module: D:/Unity games/2022.3.29f1/Editor/Data/PlaybackEngines/AndroidPlayer/UnityEditor.Android.Extensions.dll
Register platform support module: D:/Unity games/2022.3.29f1/Editor/Data/PlaybackEngines/WindowsStandaloneSupport/UnityEditor.WindowsStandalone.Extensions.dll
Registered in 0.029851 seconds.
- Loaded All Assemblies, in  0.518 seconds
Native extension for WindowsStandalone target not found
Native extension for Android target not found
Android Extension - Scanning For ADB Devices 385 ms
Native extension for WebGL target not found
Mono: successfully reloaded assembly
- Finished resetting the current domain, in  0.785 seconds
Domain Reload Profiling: 1297ms
	BeginReloadAssembly (149ms)
		ExecutionOrderSort (0ms)
		DisableScriptedObjects (0ms)
		BackupInstance (0ms)
		ReleaseScriptingObjects (0ms)
		CreateAndSetChildDomain (1ms)
	RebuildCommonClasses (38ms)
	RebuildNativeTypeToScriptingClass (11ms)
	initialDomainReloadingComplete (96ms)
	LoadAllAssembliesAndSetupDomain (216ms)
		LoadAssemblies (146ms)
		RebuildTransferFunctionScriptingTraits (0ms)
		AnalyzeDomain (212ms)
			TypeCache.Refresh (210ms)
				TypeCache.ScanAssembly (196ms)
			ScanForSourceGeneratedMonoScriptInfo (0ms)
			ResolveRequiredComponents (1ms)
	FinalizeReload (785ms)
		ReleaseScriptCaches (0ms)
		RebuildScriptCaches (0ms)
		SetupLoadedEditorAssemblies (727ms)
			LogAssemblyErrors (0ms)
			InitializePlatformSupportModulesInManaged (569ms)
			SetLoadedEditorAssemblies (4ms)
			RefreshPlugins (0ms)
			BeforeProcessingInitializeOnLoad (2ms)
			ProcessInitializeOnLoadAttributes (110ms)
			ProcessInitializeOnLoadMethodAttributes (42ms)
			AfterProcessingInitializeOnLoad (0ms)
			EditorAssembliesLoaded (0ms)
		ExecutionOrderSort2 (0ms)
		AwakeInstancesAfterBackupRestoration (0ms)
========================================================================
Worker process is ready to serve import requests
Begin MonoManager ReloadAssembly
- Loaded All Assemblies, in  0.752 seconds
Refreshing native plugins compatible for Editor in 2.29 ms, found 3 plugins.
Native extension for WindowsStandalone target not found
Native extension for Android target not found
Native extension for WebGL target not found
Package Manager log level set to [2]
[Package Manager] Server::EnsureServerProcessIsRunning -- launch failed, reason: Unity was launched with the -noUpm command-line argument
[Package Manager] UpmClient::Send -- Unable to send message (not connected to UPM process).
[Package Manager] Cannot connect to Unity Package Manager local server
Mono: successfully reloaded assembly
- Finished resetting the current domain, in  0.653 seconds
Domain Reload Profiling: 1399ms
	BeginReloadAssembly (177ms)
		ExecutionOrderSort (0ms)
		DisableScriptedObjects (5ms)
		BackupInstance (0ms)
		ReleaseScriptingObjects (0ms)
		CreateAndSetChildDomain (21ms)
	RebuildCommonClasses (35ms)
	RebuildNativeTypeToScriptingClass (12ms)
	initialDomainReloadingComplete (52ms)
	LoadAllAssembliesAndSetupDomain (470ms)
		LoadAssemblies (343ms)
		RebuildTransferFunctionScriptingTraits (0ms)
		AnalyzeDomain (241ms)
			TypeCache.Refresh (221ms)
				TypeCache.ScanAssembly (168ms)
			ScanForSourceGeneratedMonoScriptInfo (14ms)
			ResolveRequiredComponents (5ms)
	FinalizeReload (653ms)
		ReleaseScriptCaches (0ms)
		RebuildScriptCaches (0ms)
		SetupLoadedEditorAssemblies (484ms)
			LogAssemblyErrors (0ms)
			InitializePlatformSupportModulesInManaged (34ms)
			SetLoadedEditorAssemblies (4ms)
			RefreshPlugins (0ms)
			BeforeProcessingInitializeOnLoad (69ms)
			ProcessInitializeOnLoadAttributes (336ms)
			ProcessInitializeOnLoadMethodAttributes (20ms)
			AfterProcessingInitializeOnLoad (20ms)
			EditorAssembliesLoaded (0ms)
		ExecutionOrderSort2 (0ms)
		AwakeInstancesAfterBackupRestoration (9ms)
Launched and connected shader compiler UnityShaderCompiler.exe after 0.20 seconds
Refreshing native plugins compatible for Editor in 2.75 ms, found 3 plugins.
Preloading 0 native plugins for Editor in 0.00 ms.
Unloading 3168 Unused Serialized files (Serialized files now loaded: 0)
Unloading 33 unused Assets / (58.1 KB). Loaded Objects now: 3633.
Memory consumption went from 130.5 MB to 130.5 MB.
Total: 3.126600 ms (FindLiveObjects: 0.347700 ms CreateObjectMapping: 0.123600 ms MarkObjects: 2.540200 ms  DeleteObjects: 0.113800 ms)

AssetImportParameters requested are different than current active one (requested -> active):
  custom:container-demuxer-ogg: 62fdf1f143b41e24485cea50d1cbac27 -> 
  custom:video-decoder-ogg-theora: a1e56fd34408186e4bbccfd4996cb3dc -> 
  custom:framework-win-MediaFoundation: 216162199b28c13a410421893ffa2e32 -> 
  custom:CustomObjectIndexerAttribute: 9a22284fe3817be447336de3de66b15e -> 
  custom:container-demuxer-webm: 4f35f7cbe854078d1ac9338744f61a02 -> 
  custom:container-muxer-webm: aa71ff27fc2769a1b78a27578f13a17b -> 
  custom:video-decoder-webm-vp8: 9c59270c3fd7afecdb556c50c9e8de78 -> 
  custom:SearchIndexIgnoredProperties: e643bd26f0fe6173181afceb89e7c659 -> 
  custom:AudioImporter_EditorPlatform: d09bf68614088b80899f8185d706f6e7 -> 
  custom:video-encoder-webm-vp8: eb34c28f22e8b96e1ab97ce403110664 -> 
  custom:audio-decoder-ogg-vorbis: bf7c407c2cedff20999df2af8eb42d56 -> 
  custom:audio-encoder-webm-vorbis: bf7c407c2cedff20999df2af8eb42d56 -> 
========================================================================
Received Import Request.
  Time since last request: 39448.636445 seconds.
  path: Assets/Scenes/Game.unity
  artifactKey: Guid(72fadb5bfb026e1409e7184939f3d7db) Importer(815301076,1909f56bfc062723c751e8b465ee728b)
Start importing Assets/Scenes/Game.unity using Guid(72fadb5bfb026e1409e7184939f3d7db) Importer(815301076,1909f56bfc062723c751e8b465ee728b)  -> (artifact id: 'a01ff9ea65c7a72313eb458f3cd20d8d') in 0.002319 seconds
Number of updated asset objects reloaded before import = 0
Number of asset objects unloaded after import = 0
========================================================================
Received Import Request.
  Time since last request: 0.871129 seconds.
  path: Assets/Scenes/Game/NavMesh-Land.asset
  artifactKey: Guid(c035134a17b46054f8b0c6b4e8b17f71) Importer(815301076,1909f56bfc062723c751e8b465ee728b)
Start importing Assets/Scenes/Game/NavMesh-Land.asset using Guid(c035134a17b46054f8b0c6b4e8b17f71) Importer(815301076,1909f56bfc062723c751e8b465ee728b)  -> (artifact id: '90e5cfc7bd8220609da07e46ced35ace') in 0.009614 seconds
Number of updated asset objects reloaded before import = 0
Number of asset objects unloaded after import = 1
========================================================================
Received Import Request.
  Time since last request: 0.001754 seconds.
  path: Assets/Scenes/Game/NavMesh-Plane.asset
  artifactKey: Guid(5e84a47ed01030c4abc622c1687d7441) Importer(815301076,1909f56bfc062723c751e8b465ee728b)
Start importing Assets/Scenes/Game/NavMesh-Plane.asset using Guid(5e84a47ed01030c4abc622c1687d7441) Importer(815301076,1909f56bfc062723c751e8b465ee728b)  -> (artifact id: 'a27e75e4b3ab204f056c6d465df87e2c') in 0.000803 seconds
Number of updated asset objects reloaded before import = 0
Number of asset objects unloaded after import = 1
========================================================================
Received Import Request.
  Time since last request: 26.535784 seconds.
  path: Assets/EldamarStudio/Low Poly Terrain Pack/Prefabs
  artifactKey: Guid(69eb8555a124ca1479b3e9dfbabc8747) Importer(815301076,1909f56bfc062723c751e8b465ee728b)
Start importing Assets/EldamarStudio/Low Poly Terrain Pack/Prefabs using Guid(69eb8555a124ca1479b3e9dfbabc8747) Importer(815301076,1909f56bfc062723c751e8b465ee728b)  -> (artifact id: 'a61bf1d4a9362549a9753f74d6ebd074') in 0.000409 seconds
Number of updated asset objects reloaded before import = 0
Number of asset objects unloaded after import = 0
========================================================================
Received Import Request.
  Time since last request: 0.074210 seconds.
  path: Assets/EldamarStudio/Low Poly Terrain Pack/Prefabs/Terrain_01.prefab
  artifactKey: Guid(bbc4647a52fd3cb4ab2e509646bcbd57) Importer(815301076,1909f56bfc062723c751e8b465ee728b)
Start importing Assets/EldamarStudio/Low Poly Terrain Pack/Prefabs/Terrain_01.prefab using Guid(bbc4647a52fd3cb4ab2e509646bcbd57) Importer(815301076,1909f56bfc062723c751e8b465ee728b)  -> (artifact id: '50efafd75074a3be157afcd3d15ea5c3') in 0.137975 seconds
Number of updated asset objects reloaded before import = 0
Number of asset objects unloaded after import = 17
========================================================================
Received Import Request.
  Time since last request: 0.000019 seconds.
  path: Assets/EldamarStudio/Low Poly Terrain Pack/Prefabs/Terrain_15.prefab
  artifactKey: Guid(b9e810a9ebf613c4e844d2c2fd111662) Importer(815301076,1909f56bfc062723c751e8b465ee728b)
Start importing Assets/EldamarStudio/Low Poly Terrain Pack/Prefabs/Terrain_15.prefab using Guid(b9e810a9ebf613c4e844d2c2fd111662) Importer(815301076,1909f56bfc062723c751e8b465ee728b)  -> (artifact id: 'e828495841ffc3364bc0e77f69e53109') in 0.014684 seconds
Number of updated asset objects reloaded before import = 0
Number of asset objects unloaded after import = 14
========================================================================
Received Import Request.
  Time since last request: 0.000021 seconds.
  path: Assets/EldamarStudio/Low Poly Terrain Pack/Prefabs/Terrain_19.prefab
  artifactKey: Guid(04888535074f15a4493b23f1a0ea7f3b) Importer(815301076,1909f56bfc062723c751e8b465ee728b)
Start importing Assets/EldamarStudio/Low Poly Terrain Pack/Prefabs/Terrain_19.prefab using Guid(04888535074f15a4493b23f1a0ea7f3b) Importer(815301076,1909f56bfc062723c751e8b465ee728b)  -> (artifact id: 'ef5a45f731f519502eb80264c6fdfa2b') in 0.014949 seconds
Number of updated asset objects reloaded before import = 0
Number of asset objects unloaded after import = 14
========================================================================
Received Import Request.
  Time since last request: 0.000024 seconds.
  path: Assets/EldamarStudio/Low Poly Terrain Pack/Prefabs/Terrain_18.prefab
  artifactKey: Guid(a0e30e8418bf0224d8c8f4ec928976ae) Importer(815301076,1909f56bfc062723c751e8b465ee728b)
Start importing Assets/EldamarStudio/Low Poly Terrain Pack/Prefabs/Terrain_18.prefab using Guid(a0e30e8418bf0224d8c8f4ec928976ae) Importer(815301076,1909f56bfc062723c751e8b465ee728b)  -> (artifact id: '34a7d7cae3e8e0da8e520ab7d85cac4e') in 0.014335 seconds
Number of updated asset objects reloaded before import = 0
Number of asset objects unloaded after import = 14
========================================================================
Received Prepare
Begin MonoManager ReloadAssembly
- Loaded All Assemblies, in  0.565 seconds
Refreshing native plugins compatible for Editor in 2.69 ms, found 3 plugins.
Native extension for WindowsStandalone target not found
Native extension for Android target not found
Native extension for WebGL target not found
[Package Manager] Server::EnsureServerProcessIsRunning -- launch failed, reason: Unity was launched with the -noUpm command-line argument
[Package Manager] UpmClient::Send -- Unable to send message (not connected to UPM process).
[Package Manager] Cannot connect to Unity Package Manager local server
Mono: successfully reloaded assembly
- Finished resetting the current domain, in  1.135 seconds
Domain Reload Profiling: 1693ms
	BeginReloadAssembly (201ms)
		ExecutionOrderSort (0ms)
		DisableScriptedObjects (6ms)
		BackupInstance (0ms)
		ReleaseScriptingObjects (0ms)
		CreateAndSetChildDomain (32ms)
	RebuildCommonClasses (38ms)
	RebuildNativeTypeToScriptingClass (12ms)
	initialDomainReloadingComplete (52ms)
	LoadAllAssembliesAndSetupDomain (254ms)
		LoadAssemblies (365ms)
		RebuildTransferFunctionScriptingTraits (0ms)
		AnalyzeDomain (16ms)
			TypeCache.Refresh (7ms)
				TypeCache.ScanAssembly (0ms)
			ScanForSourceGeneratedMonoScriptInfo (0ms)
			ResolveRequiredComponents (8ms)
	FinalizeReload (1136ms)
		ReleaseScriptCaches (0ms)
		RebuildScriptCaches (0ms)
		SetupLoadedEditorAssemblies (548ms)
			LogAssemblyErrors (0ms)
			InitializePlatformSupportModulesInManaged (40ms)
			SetLoadedEditorAssemblies (5ms)
			RefreshPlugins (0ms)
			BeforeProcessingInitializeOnLoad (93ms)
			ProcessInitializeOnLoadAttributes (360ms)
			ProcessInitializeOnLoadMethodAttributes (27ms)
			AfterProcessingInitializeOnLoad (24ms)
			EditorAssembliesLoaded (0ms)
		ExecutionOrderSort2 (0ms)
		AwakeInstancesAfterBackupRestoration (7ms)
Refreshing native plugins compatible for Editor in 3.54 ms, found 3 plugins.
Preloading 0 native plugins for Editor in 0.00 ms.
Unloading 3145 Unused Serialized files (Serialized files now loaded: 0)
Unloading 24 unused Assets / (31.6 KB). Loaded Objects now: 3643.
Memory consumption went from 125.5 MB to 125.4 MB.
Total: 3.620900 ms (FindLiveObjects: 0.395900 ms CreateObjectMapping: 0.110300 ms MarkObjects: 3.049400 ms  DeleteObjects: 0.063900 ms)

Prepare: number of updated asset objects reloaded= 0
AssetImportParameters requested are different than current active one (requested -> active):
  custom:container-demuxer-ogg: 62fdf1f143b41e24485cea50d1cbac27 -> 
  custom:video-decoder-ogg-theora: a1e56fd34408186e4bbccfd4996cb3dc -> 
  custom:framework-win-MediaFoundation: 216162199b28c13a410421893ffa2e32 -> 
  custom:CustomObjectIndexerAttribute: 9a22284fe3817be447336de3de66b15e -> 
  custom:container-demuxer-webm: 4f35f7cbe854078d1ac9338744f61a02 -> 
  custom:container-muxer-webm: aa71ff27fc2769a1b78a27578f13a17b -> 
  custom:video-decoder-webm-vp8: 9c59270c3fd7afecdb556c50c9e8de78 -> 
  custom:SearchIndexIgnoredProperties: e643bd26f0fe6173181afceb89e7c659 -> 
  custom:AudioImporter_EditorPlatform: d09bf68614088b80899f8185d706f6e7 -> 
  custom:video-encoder-webm-vp8: eb34c28f22e8b96e1ab97ce403110664 -> 
  custom:audio-decoder-ogg-vorbis: bf7c407c2cedff20999df2af8eb42d56 -> 
  custom:audio-encoder-webm-vorbis: bf7c407c2cedff20999df2af8eb42d56 -> 
========================================================================
Received Import Request.
  Time since last request: 181.790838 seconds.
  path: Assets/EldamarStudio/Fantasy Low Poly Pack/Prefabs/dead_body_var_04.prefab
  artifactKey: Guid(d70b5ab1c64c52140a899d055b7ddbc6) Importer(815301076,1909f56bfc062723c751e8b465ee728b)
Start importing Assets/EldamarStudio/Fantasy Low Poly Pack/Prefabs/dead_body_var_04.prefab using Guid(d70b5ab1c64c52140a899d055b7ddbc6) Importer(815301076,1909f56bfc062723c751e8b465ee728b)  -> (artifact id: 'c05ccbe8fb3ec0b098fdf05a1ec609f8') in 0.083984 seconds
Number of updated asset objects reloaded before import = 0
Number of asset objects unloaded after import = 19
========================================================================
Received Import Request.
  Time since last request: 0.244252 seconds.
  path: Assets/EldamarStudio/Fantasy Low Poly Pack/Prefabs/Rock_01.prefab
  artifactKey: Guid(26c41e9579a38994293566640aea9670) Importer(815301076,1909f56bfc062723c751e8b465ee728b)
Start importing Assets/EldamarStudio/Fantasy Low Poly Pack/Prefabs/Rock_01.prefab using Guid(26c41e9579a38994293566640aea9670) Importer(815301076,1909f56bfc062723c751e8b465ee728b)  -> (artifact id: '61511cd7c91c5e2255339302a922255f') in 0.017042 seconds
Number of updated asset objects reloaded before import = 0
Number of asset objects unloaded after import = 10
========================================================================
Received Import Request.
  Time since last request: 0.000026 seconds.
  path: Assets/EldamarStudio/Fantasy Low Poly Pack/Prefabs/Rock_03.prefab
  artifactKey: Guid(8f5cee07daef8ab4f8bd6e87475b12bd) Importer(815301076,1909f56bfc062723c751e8b465ee728b)
Start importing Assets/EldamarStudio/Fantasy Low Poly Pack/Prefabs/Rock_03.prefab using Guid(8f5cee07daef8ab4f8bd6e87475b12bd) Importer(815301076,1909f56bfc062723c751e8b465ee728b)  -> (artifact id: '8c3a2825e9d7f439f5a01f9020fa8a8e') in 0.016825 seconds
Number of updated asset objects reloaded before import = 0
Number of asset objects unloaded after import = 10
========================================================================
Received Import Request.
  Time since last request: 0.004584 seconds.
  path: Assets/EldamarStudio/Fantasy Low Poly Pack/Prefabs/Rock_04.prefab
  artifactKey: Guid(25b03fb793fbcd34185f360e9d65fa39) Importer(815301076,1909f56bfc062723c751e8b465ee728b)
Start importing Assets/EldamarStudio/Fantasy Low Poly Pack/Prefabs/Rock_04.prefab using Guid(25b03fb793fbcd34185f360e9d65fa39) Importer(815301076,1909f56bfc062723c751e8b465ee728b)  -> (artifact id: '19172a58d5ed04c65bff8978d5a42478') in 0.021978 seconds
Number of updated asset objects reloaded before import = 0
Number of asset objects unloaded after import = 10
========================================================================
Received Import Request.
  Time since last request: 0.000023 seconds.
  path: Assets/EldamarStudio/Fantasy Low Poly Pack/Prefabs/Rock_09.prefab
  artifactKey: Guid(c112f33ad19f0314c9e4d0ff2d6524e3) Importer(815301076,1909f56bfc062723c751e8b465ee728b)
Start importing Assets/EldamarStudio/Fantasy Low Poly Pack/Prefabs/Rock_09.prefab using Guid(c112f33ad19f0314c9e4d0ff2d6524e3) Importer(815301076,1909f56bfc062723c751e8b465ee728b)  -> (artifact id: '4c5632c08272b1b3d2ecd84b84e086ff') in 0.019521 seconds
Number of updated asset objects reloaded before import = 0
Number of asset objects unloaded after import = 9
========================================================================
Received Import Request.
  Time since last request: 0.000016 seconds.
  path: Assets/EldamarStudio/Fantasy Low Poly Pack/Prefabs/Rock_13.prefab
  artifactKey: Guid(489b363b4a85eef4d9e1523d699e2f95) Importer(815301076,1909f56bfc062723c751e8b465ee728b)
Start importing Assets/EldamarStudio/Fantasy Low Poly Pack/Prefabs/Rock_13.prefab using Guid(489b363b4a85eef4d9e1523d699e2f95) Importer(815301076,1909f56bfc062723c751e8b465ee728b)  -> (artifact id: '594b4ed6c53dbe53bfaaebb6c6818ee4') in 0.019437 seconds
Number of updated asset objects reloaded before import = 0
Number of asset objects unloaded after import = 9
========================================================================
Received Import Request.
  Time since last request: 0.000020 seconds.
  path: Assets/EldamarStudio/Fantasy Low Poly Pack/Prefabs/Rock_05.prefab
  artifactKey: Guid(26b8c50f65ac61d46a8e2f6ef6509f0a) Importer(815301076,1909f56bfc062723c751e8b465ee728b)
Start importing Assets/EldamarStudio/Fantasy Low Poly Pack/Prefabs/Rock_05.prefab using Guid(26b8c50f65ac61d46a8e2f6ef6509f0a) Importer(815301076,1909f56bfc062723c751e8b465ee728b)  -> (artifact id: '7e3591fe501fdeff87bc92c52b48f913') in 0.020287 seconds
Number of updated asset objects reloaded before import = 0
Number of asset objects unloaded after import = 9
========================================================================
Received Import Request.
  Time since last request: 0.000018 seconds.
  path: Assets/EldamarStudio/Fantasy Low Poly Pack/Prefabs/Rock_06.prefab
  artifactKey: Guid(b34f292994f7146479c17ca5722e943b) Importer(815301076,1909f56bfc062723c751e8b465ee728b)
Start importing Assets/EldamarStudio/Fantasy Low Poly Pack/Prefabs/Rock_06.prefab using Guid(b34f292994f7146479c17ca5722e943b) Importer(815301076,1909f56bfc062723c751e8b465ee728b)  -> (artifact id: 'ee010e538c0d58bbd5a2f2e5fbaa9828') in 0.020553 seconds
Number of updated asset objects reloaded before import = 0
Number of asset objects unloaded after import = 9
========================================================================
Received Import Request.
  Time since last request: 0.000019 seconds.
  path: Assets/EldamarStudio/Fantasy Low Poly Pack/Prefabs/Rock_12.prefab
  artifactKey: Guid(d9105e3ab95eaee48aa6a665f25a2455) Importer(815301076,1909f56bfc062723c751e8b465ee728b)
Start importing Assets/EldamarStudio/Fantasy Low Poly Pack/Prefabs/Rock_12.prefab using Guid(d9105e3ab95eaee48aa6a665f25a2455) Importer(815301076,1909f56bfc062723c751e8b465ee728b)  -> (artifact id: 'dda59b44357e1135794f18f8bf6f15d2') in 0.015583 seconds
Number of updated asset objects reloaded before import = 0
Number of asset objects unloaded after import = 9
========================================================================
Received Import Request.
  Time since last request: 0.000017 seconds.
  path: Assets/EldamarStudio/Fantasy Low Poly Pack/Prefabs/Rock_10.prefab
  artifactKey: Guid(59559aced97f7a145bdf979248c3d4c2) Importer(815301076,1909f56bfc062723c751e8b465ee728b)
Start importing Assets/EldamarStudio/Fantasy Low Poly Pack/Prefabs/Rock_10.prefab using Guid(59559aced97f7a145bdf979248c3d4c2) Importer(815301076,1909f56bfc062723c751e8b465ee728b)  -> (artifact id: 'aa77762c0af659b0cd0df81f2b888d36') in 0.015406 seconds
Number of updated asset objects reloaded before import = 0
Number of asset objects unloaded after import = 9
========================================================================
Received Import Request.
  Time since last request: 0.000019 seconds.
  path: Assets/EldamarStudio/Fantasy Low Poly Pack/Prefabs/Rock_08.prefab
  artifactKey: Guid(5b936af406b267d4aadafc2a4799564d) Importer(815301076,1909f56bfc062723c751e8b465ee728b)
Start importing Assets/EldamarStudio/Fantasy Low Poly Pack/Prefabs/Rock_08.prefab using Guid(5b936af406b267d4aadafc2a4799564d) Importer(815301076,1909f56bfc062723c751e8b465ee728b)  -> (artifact id: '6a04943dcf9d39b081060b84afb8be80') in 0.012923 seconds
Number of updated asset objects reloaded before import = 0
Number of asset objects unloaded after import = 9
========================================================================
Received Import Request.
  Time since last request: 6.817107 seconds.
  path: Assets/EldamarStudio/Fantasy Low Poly Pack/Models/banana.fbx
  artifactKey: Guid(d815e8d72bb4ffa41a9f816db7767153) Importer(815301076,1909f56bfc062723c751e8b465ee728b)
Start importing Assets/EldamarStudio/Fantasy Low Poly Pack/Models/banana.fbx using Guid(d815e8d72bb4ffa41a9f816db7767153) Importer(815301076,1909f56bfc062723c751e8b465ee728b)  -> (artifact id: '86f10ed50bce088c493545861f6f1e96') in 0.266895 seconds
Number of updated asset objects reloaded before import = 0
Number of asset objects unloaded after import = 8
========================================================================
Received Import Request.
  Time since last request: 0.000029 seconds.
  path: Assets/EldamarStudio/Fantasy Low Poly Pack/Models/chest.fbx
  artifactKey: Guid(e8cc7a8aeee4cc1429dd2cbd5bed798b) Importer(815301076,1909f56bfc062723c751e8b465ee728b)
Start importing Assets/EldamarStudio/Fantasy Low Poly Pack/Models/chest.fbx using Guid(e8cc7a8aeee4cc1429dd2cbd5bed798b) Importer(815301076,1909f56bfc062723c751e8b465ee728b)  -> (artifact id: '41aa741ce6ac623ed3dc19514c8edf1a') in 0.042208 seconds
Number of updated asset objects reloaded before import = 0
Number of asset objects unloaded after import = 11
========================================================================
Received Import Request.
  Time since last request: 0.000027 seconds.
  path: Assets/EldamarStudio/Fantasy Low Poly Pack/Models/beam.fbx
  artifactKey: Guid(120d25c3fb5043a4bb67ca7f42a7334d) Importer(815301076,1909f56bfc062723c751e8b465ee728b)
Start importing Assets/EldamarStudio/Fantasy Low Poly Pack/Models/beam.fbx using Guid(120d25c3fb5043a4bb67ca7f42a7334d) Importer(815301076,1909f56bfc062723c751e8b465ee728b)  -> (artifact id: 'ea8f1a6803f4410a39e00398e7aa3c81') in 0.021788 seconds
Number of updated asset objects reloaded before import = 0
Number of asset objects unloaded after import = 8
========================================================================
Received Import Request.
  Time since last request: 0.000017 seconds.
  path: Assets/EldamarStudio/Fantasy Low Poly Pack/Models/Chandelier.fbx
  artifactKey: Guid(b1b6c6e11040c624a8c81fbf2b20db89) Importer(815301076,1909f56bfc062723c751e8b465ee728b)
Start importing Assets/EldamarStudio/Fantasy Low Poly Pack/Models/Chandelier.fbx using Guid(b1b6c6e11040c624a8c81fbf2b20db89) Importer(815301076,1909f56bfc062723c751e8b465ee728b)  -> (artifact id: '1f4e123fce08d0b736bf7cdb7d5806ce') in 0.029615 seconds
Number of updated asset objects reloaded before import = 0
Number of asset objects unloaded after import = 9
========================================================================
Received Import Request.
  Time since last request: 31.602021 seconds.
  path: Assets/Prefabs/Base.prefab
  artifactKey: Guid(88ad739e44f418c4a8d3947ae8fbc847) Importer(815301076,1909f56bfc062723c751e8b465ee728b)
Start importing Assets/Prefabs/Base.prefab using Guid(88ad739e44f418c4a8d3947ae8fbc847) Importer(815301076,1909f56bfc062723c751e8b465ee728b)  -> (artifact id: '3965dc54dd2fdb6297108171a8a4f3f3') in 0.037971 seconds
Number of updated asset objects reloaded before import = 0
Number of asset objects unloaded after import = 235
========================================================================
Received Import Request.
  Time since last request: 10.089687 seconds.
  path: Assets/Prefabs/house.fbx
  artifactKey: Guid(b743008ec671f7f4cbc2e0cef9dcf0fc) Importer(815301076,1909f56bfc062723c751e8b465ee728b)
Start importing Assets/Prefabs/house.fbx using Guid(b743008ec671f7f4cbc2e0cef9dcf0fc) Importer(815301076,1909f56bfc062723c751e8b465ee728b)  -> (artifact id: '68323cbbeb6b4aaf7b3d14a4f9f53e5a') in 0.052345 seconds
Number of updated asset objects reloaded before import = 0
Number of asset objects unloaded after import = 13
========================================================================
Received Import Request.
  Time since last request: 54.984035 seconds.
  path: Assets/EldamarStudio/Low Poly Terrain Pack/Low Poly Terrain Pack
  artifactKey: Guid(63634c987b2350f469f6ed412d307c3b) Importer(815301076,1909f56bfc062723c751e8b465ee728b)
Start importing Assets/EldamarStudio/Low Poly Terrain Pack/Low Poly Terrain Pack using Guid(63634c987b2350f469f6ed412d307c3b) Importer(815301076,1909f56bfc062723c751e8b465ee728b)  -> (artifact id: '3f06685a2c917ae3d787d6400c62b37c') in 0.000548 seconds
Number of updated asset objects reloaded before import = 0
Number of asset objects unloaded after import = 0
========================================================================
Received Import Request.
  Time since last request: 0.162056 seconds.
  path: Assets/EldamarStudio/Low Poly Terrain Pack/Low Poly Terrain Pack/Terrain_01.fbx
  artifactKey: Guid(f1bb9bf879f3cc441981f592e0e830e0) Importer(815301076,1909f56bfc062723c751e8b465ee728b)
Start importing Assets/EldamarStudio/Low Poly Terrain Pack/Low Poly Terrain Pack/Terrain_01.fbx using Guid(f1bb9bf879f3cc441981f592e0e830e0) Importer(815301076,1909f56bfc062723c751e8b465ee728b)  -> (artifact id: 'c94cb2b1c0d42ca69cf25b690c22bfd1') in 0.039698 seconds
Number of updated asset objects reloaded before import = 0
Number of asset objects unloaded after import = 11
========================================================================
Received Import Request.
  Time since last request: 0.000024 seconds.
  path: Assets/EldamarStudio/Low Poly Terrain Pack/Low Poly Terrain Pack/Terrain_12.fbx
  artifactKey: Guid(7ed7f716bb0863846b2ef37311fa9d0a) Importer(815301076,1909f56bfc062723c751e8b465ee728b)
Start importing Assets/EldamarStudio/Low Poly Terrain Pack/Low Poly Terrain Pack/Terrain_12.fbx using Guid(7ed7f716bb0863846b2ef37311fa9d0a) Importer(815301076,1909f56bfc062723c751e8b465ee728b)  -> (artifact id: '94dbc59ee7f5391c768af08078987700') in 0.031163 seconds
Number of updated asset objects reloaded before import = 0
Number of asset objects unloaded after import = 9
========================================================================
Received Import Request.
  Time since last request: 0.000020 seconds.
  path: Assets/EldamarStudio/Low Poly Terrain Pack/Low Poly Terrain Pack/Terrain_24.fbx
  artifactKey: Guid(0e45334afaf9eb446a1ceae3d527d3bb) Importer(815301076,1909f56bfc062723c751e8b465ee728b)
Start importing Assets/EldamarStudio/Low Poly Terrain Pack/Low Poly Terrain Pack/Terrain_24.fbx using Guid(0e45334afaf9eb446a1ceae3d527d3bb) Importer(815301076,1909f56bfc062723c751e8b465ee728b)  -> (artifact id: '39d0c9879a73e31d7c16bfcd9f54d0ba') in 0.028272 seconds
Number of updated asset objects reloaded before import = 0
Number of asset objects unloaded after import = 8
========================================================================
Received Import Request.
  Time since last request: 0.000022 seconds.
  path: Assets/EldamarStudio/Low Poly Terrain Pack/Low Poly Terrain Pack/Terrain_08.fbx
  artifactKey: Guid(8205300e2c817b34ebb167bc1528d02e) Importer(815301076,1909f56bfc062723c751e8b465ee728b)
Start importing Assets/EldamarStudio/Low Poly Terrain Pack/Low Poly Terrain Pack/Terrain_08.fbx using Guid(8205300e2c817b34ebb167bc1528d02e) Importer(815301076,1909f56bfc062723c751e8b465ee728b)  -> (artifact id: 'f102f381e0dafb168bd3bf41bf99ecd4') in 0.034095 seconds
Number of updated asset objects reloaded before import = 0
Number of asset objects unloaded after import = 10
========================================================================
Received Import Request.
  Time since last request: 0.000021 seconds.
  path: Assets/EldamarStudio/Low Poly Terrain Pack/Low Poly Terrain Pack/Terrain_11.fbx
  artifactKey: Guid(fc2aba2d719aeaf429853b06170a2523) Importer(815301076,1909f56bfc062723c751e8b465ee728b)
Start importing Assets/EldamarStudio/Low Poly Terrain Pack/Low Poly Terrain Pack/Terrain_11.fbx using Guid(fc2aba2d719aeaf429853b06170a2523) Importer(815301076,1909f56bfc062723c751e8b465ee728b)  -> (artifact id: '6d671b357be52fc3e03088173302c3ec') in 0.031741 seconds
Number of updated asset objects reloaded before import = 0
Number of asset objects unloaded after import = 10
========================================================================
Received Import Request.
  Time since last request: 0.000019 seconds.
  path: Assets/EldamarStudio/Low Poly Terrain Pack/Low Poly Terrain Pack/Terrain_16.fbx
  artifactKey: Guid(5fa480e956bac6140942a4b4cde3ead8) Importer(815301076,1909f56bfc062723c751e8b465ee728b)
Start importing Assets/EldamarStudio/Low Poly Terrain Pack/Low Poly Terrain Pack/Terrain_16.fbx using Guid(5fa480e956bac6140942a4b4cde3ead8) Importer(815301076,1909f56bfc062723c751e8b465ee728b)  -> (artifact id: '82626c91cf8b86a3ac1a48f811c37f7f') in 0.021973 seconds
Number of updated asset objects reloaded before import = 0
Number of asset objects unloaded after import = 8
========================================================================
Received Import Request.
  Time since last request: 0.000046 seconds.
  path: Assets/EldamarStudio/Low Poly Terrain Pack/Low Poly Terrain Pack/Terrain_06.fbx
  artifactKey: Guid(e8017656463ce4f4b8c058ebf8fcb8aa) Importer(815301076,1909f56bfc062723c751e8b465ee728b)
Start importing Assets/EldamarStudio/Low Poly Terrain Pack/Low Poly Terrain Pack/Terrain_06.fbx using Guid(e8017656463ce4f4b8c058ebf8fcb8aa) Importer(815301076,1909f56bfc062723c751e8b465ee728b)  -> (artifact id: 'c5186bb9544806c9d56fa5da6fba7a2e') in 0.024886 seconds
Number of updated asset objects reloaded before import = 0
Number of asset objects unloaded after import = 9
========================================================================
Received Import Request.
  Time since last request: 0.000022 seconds.
  path: Assets/EldamarStudio/Low Poly Terrain Pack/Low Poly Terrain Pack/Terrain_23.fbx
  artifactKey: Guid(2da63ed55be494d499b95df92a299429) Importer(815301076,1909f56bfc062723c751e8b465ee728b)
Start importing Assets/EldamarStudio/Low Poly Terrain Pack/Low Poly Terrain Pack/Terrain_23.fbx using Guid(2da63ed55be494d499b95df92a299429) Importer(815301076,1909f56bfc062723c751e8b465ee728b)  -> (artifact id: 'bd1abb1f40e06c70014f7de3f6f3d6b8') in 0.031191 seconds
Number of updated asset objects reloaded before import = 0
Number of asset objects unloaded after import = 9
========================================================================
Received Import Request.
  Time since last request: 0.000021 seconds.
  path: Assets/EldamarStudio/Low Poly Terrain Pack/Low Poly Terrain Pack/Terrain_09.fbx
  artifactKey: Guid(6caa9548e10cb6c4ea0a0ff9c27c0c86) Importer(815301076,1909f56bfc062723c751e8b465ee728b)
Start importing Assets/EldamarStudio/Low Poly Terrain Pack/Low Poly Terrain Pack/Terrain_09.fbx using Guid(6caa9548e10cb6c4ea0a0ff9c27c0c86) Importer(815301076,1909f56bfc062723c751e8b465ee728b)  -> (artifact id: '1275259d6696d7892ac7612eaae627b2') in 0.032697 seconds
Number of updated asset objects reloaded before import = 0
Number of asset objects unloaded after import = 10
========================================================================
Received Import Request.
  Time since last request: 0.000024 seconds.
  path: Assets/EldamarStudio/Low Poly Terrain Pack/Low Poly Terrain Pack/Terrain_22.fbx
  artifactKey: Guid(84fc3fb05cb81bb428d36ac105b2545d) Importer(815301076,1909f56bfc062723c751e8b465ee728b)
Start importing Assets/EldamarStudio/Low Poly Terrain Pack/Low Poly Terrain Pack/Terrain_22.fbx using Guid(84fc3fb05cb81bb428d36ac105b2545d) Importer(815301076,1909f56bfc062723c751e8b465ee728b)  -> (artifact id: '5e7660e1c8fa75e0789fbcf951ae0189') in 0.027853 seconds
Number of updated asset objects reloaded before import = 0
Number of asset objects unloaded after import = 9
========================================================================
Received Import Request.
  Time since last request: 0.000018 seconds.
  path: Assets/EldamarStudio/Low Poly Terrain Pack/Low Poly Terrain Pack/Terrain_17.fbx
  artifactKey: Guid(74f0d0439df1b7742a760edbc6faf9d5) Importer(815301076,1909f56bfc062723c751e8b465ee728b)
Start importing Assets/EldamarStudio/Low Poly Terrain Pack/Low Poly Terrain Pack/Terrain_17.fbx using Guid(74f0d0439df1b7742a760edbc6faf9d5) Importer(815301076,1909f56bfc062723c751e8b465ee728b)  -> (artifact id: 'a95297288adacbebd9ec49a8a35c77df') in 0.021424 seconds
Number of updated asset objects reloaded before import = 0
Number of asset objects unloaded after import = 8
========================================================================
Received Import Request.
  Time since last request: 0.000024 seconds.
  path: Assets/EldamarStudio/Low Poly Terrain Pack/Low Poly Terrain Pack/Terrain_21.fbx
  artifactKey: Guid(e5ae6081110351b4a8d4d4f0df0c44c7) Importer(815301076,1909f56bfc062723c751e8b465ee728b)
Start importing Assets/EldamarStudio/Low Poly Terrain Pack/Low Poly Terrain Pack/Terrain_21.fbx using Guid(e5ae6081110351b4a8d4d4f0df0c44c7) Importer(815301076,1909f56bfc062723c751e8b465ee728b)  -> (artifact id: 'a4402c419f433db1c97dcbf62d6dcc66') in 0.033132 seconds
Number of updated asset objects reloaded before import = 0
Number of asset objects unloaded after import = 10
Editor requested this worker to shutdown with reason: Scaling down because of idle timeout
TcpMessagingSession - receive error: operation aborted. errorcode: 995, details: The I/O operation has been aborted because of either a thread exit or an application request.
AssetImportWorker is now disconnected from the server
Process exiting
Exiting without the bug reporter. Application will terminate with return code 0